0 info it worked if it ends with ok
1 verbose cli [ '/Users/petervangrieken/stack/Frozen Rockets/Projecten/Be Data Driven/ActivityInfo Application/Project/activityinfo/ui/icons/.gradle/nodejs/node-v0.10.25-darwin-x64/bin/node',
1 verbose cli   '/Users/petervangrieken/stack/Frozen Rockets/Projecten/Be Data Driven/ActivityInfo Application/Project/activityinfo/ui/icons/.gradle/nodejs/node-v0.10.25-darwin-x64/lib/node_modules/npm/bin/npm-cli.js',
1 verbose cli   'install',
1 verbose cli   '--global',
1 verbose cli   '--no-save',
1 verbose cli   '--prefix',
1 verbose cli   '/Users/petervangrieken/stack/Frozen Rockets/Projecten/Be Data Driven/ActivityInfo Application/Project/activityinfo/ui/icons/.gradle/npm/npm-v2.1.5',
1 verbose cli   'npm@2.1.5' ]
2 info using npm@1.3.24
3 info using node@v0.10.25
4 verbose cache add [ 'npm@2.1.5', null ]
5 verbose cache add name=undefined spec="npm@2.1.5" args=["npm@2.1.5",null]
6 verbose parsed url { protocol: null,
6 verbose parsed url   slashes: null,
6 verbose parsed url   auth: null,
6 verbose parsed url   host: null,
6 verbose parsed url   port: null,
6 verbose parsed url   hostname: null,
6 verbose parsed url   hash: null,
6 verbose parsed url   search: null,
6 verbose parsed url   query: null,
6 verbose parsed url   pathname: 'npm@2.1.5',
6 verbose parsed url   path: 'npm@2.1.5',
6 verbose parsed url   href: 'npm@2.1.5' }
7 verbose cache add name="npm" spec="2.1.5" args=["npm","2.1.5"]
8 verbose parsed url { protocol: null,
8 verbose parsed url   slashes: null,
8 verbose parsed url   auth: null,
8 verbose parsed url   host: null,
8 verbose parsed url   port: null,
8 verbose parsed url   hostname: null,
8 verbose parsed url   hash: null,
8 verbose parsed url   search: null,
8 verbose parsed url   query: null,
8 verbose parsed url   pathname: '2.1.5',
8 verbose parsed url   path: '2.1.5',
8 verbose parsed url   href: '2.1.5' }
9 verbose addNamed [ 'npm', '2.1.5' ]
10 verbose addNamed [ '2.1.5', '2.1.5' ]
11 silly lockFile 3adeeae8-npm-2-1-5 npm@2.1.5
12 verbose lock npm@2.1.5 /Users/petervangrieken/.npm/3adeeae8-npm-2-1-5.lock
13 verbose url raw npm/2.1.5
14 verbose url resolving [ 'https://registry.npmjs.org/', './npm/2.1.5' ]
15 verbose url resolved https://registry.npmjs.org/npm/2.1.5
16 info trying registry request attempt 1 at 09:53:00
17 http GET https://registry.npmjs.org/npm/2.1.5
18 info retry will retry, error on last attempt: Error: CERT_UNTRUSTED
19 info trying registry request attempt 2 at 09:53:10
20 http GET https://registry.npmjs.org/npm/2.1.5
21 info retry will retry, error on last attempt: Error: CERT_UNTRUSTED
22 info trying registry request attempt 3 at 09:54:10
23 http GET https://registry.npmjs.org/npm/2.1.5
24 silly lockFile 3adeeae8-npm-2-1-5 npm@2.1.5
25 silly lockFile 3adeeae8-npm-2-1-5 npm@2.1.5
26 error Error: CERT_UNTRUSTED
26 error     at SecurePair.<anonymous> (tls.js:1370:32)
26 error     at SecurePair.EventEmitter.emit (events.js:92:17)
26 error     at SecurePair.maybeInitFinished (tls.js:982:10)
26 error     at CleartextStream.read [as _read] (tls.js:469:13)
26 error     at CleartextStream.Readable.read (_stream_readable.js:320:10)
26 error     at EncryptedStream.write [as _write] (tls.js:366:25)
26 error     at doWrite (_stream_writable.js:223:10)
26 error     at writeOrBuffer (_stream_writable.js:213:5)
26 error     at EncryptedStream.Writable.write (_stream_writable.js:180:11)
26 error     at write (_stream_readable.js:583:24)
27 error If you need help, you may report this *entire* log,
27 error including the npm and node versions, at:
27 error     <http://github.com/isaacs/npm/issues>
28 error System Darwin 17.4.0
29 error command "/Users/petervangrieken/stack/Frozen Rockets/Projecten/Be Data Driven/ActivityInfo Application/Project/activityinfo/ui/icons/.gradle/nodejs/node-v0.10.25-darwin-x64/bin/node" "/Users/petervangrieken/stack/Frozen Rockets/Projecten/Be Data Driven/ActivityInfo Application/Project/activityinfo/ui/icons/.gradle/nodejs/node-v0.10.25-darwin-x64/lib/node_modules/npm/bin/npm-cli.js" "install" "--global" "--no-save" "--prefix" "/Users/petervangrieken/stack/Frozen Rockets/Projecten/Be Data Driven/ActivityInfo Application/Project/activityinfo/ui/icons/.gradle/npm/npm-v2.1.5" "npm@2.1.5"
30 error cwd /Users/petervangrieken/stack/Frozen Rockets/Projecten/Be Data Driven/ActivityInfo Application/Project/activityinfo/ui/icons
31 error node -v v0.10.25
32 error npm -v 1.3.24
33 verbose exit [ 1, true ]
